2019-01-21 16:16:39.826  INFO 11812 --- [restartedMain] com.example.ItembayPortfolioApplication  : Starting ItembayPortfolioApplication on DESKTOP-BAE5ROJ with PID 11812 (D:\git\itembayPortfolio\itembayPortfolio\bin\main started by jhkim in D:\git\itembayPortfolio\itembayPortfolio)
2019-01-21 16:16:39.826  INFO 11812 --- [restartedMain] com.example.ItembayPortfolioApplication  : No active profile set, falling back to default profiles: default
2019-01-21 16:16:40.248  INFO 11812 --- [restartedMain] o.apache.catalina.core.StandardService   : Starting service [Tomcat]
2019-01-21 16:16:40.248  INFO 11812 --- [restartedMain] org.apache.catalina.core.StandardEngine  : Starting Servlet engine: [Apache Tomcat/9.0.14]
2019-01-21 16:16:40.279  INFO 11812 --- [restartedMain] o.a.c.c.C.[Tomcat].[localhost].[/]       : Initializing Spring embedded WebApplicationContext
2019-01-21 16:16:40.404  WARN 11812 --- [restartedMain] org.thymeleaf.templatemode.TemplateMode  : [THYMELEAF][restartedMain] Template Mode 'LEGACYHTML5' is deprecated. Using Template Mode 'HTML' instead.
2019-01-21 16:16:40.580  INFO 11812 --- [http-nio-80-exec-1] o.a.c.c.C.[Tomcat].[localhost].[/]       : Initializing Spring DispatcherServlet 'dispatcherServlet'
2019-01-21 16:16:40.580  INFO 11812 --- [restartedMain] com.example.ItembayPortfolioApplication  : Started ItembayPortfolioApplication in 0.816 seconds (JVM running for 184.194)
2019-01-21 16:16:40.600  INFO 11812 --- [http-nio-80-exec-1] com.zaxxer.hikari.HikariDataSource       : HikariPool-2 - Starting...
2019-01-21 16:16:40.606  INFO 11812 --- [http-nio-80-exec-1] com.zaxxer.hikari.HikariDataSource       : HikariPool-2 - Start completed.
2019-01-21 16:16:50.553  INFO 11812 --- [RMI TCP Connection(10)-127.0.0.1] com.zaxxer.hikari.HikariDataSource       : HikariPool-2 - Shutdown initiated...
2019-01-21 16:16:50.568  INFO 11812 --- [RMI TCP Connection(10)-127.0.0.1] com.zaxxer.hikari.HikariDataSource       : HikariPool-2 - Shutdown completed.
2019-01-21 16:16:55.735  INFO 9288 --- [restartedMain] com.example.ItembayPortfolioApplication  : Starting ItembayPortfolioApplication on DESKTOP-BAE5ROJ with PID 9288 (D:\git\itembayPortfolio\itembayPortfolio\bin\main started by jhkim in D:\git\itembayPortfolio\itembayPortfolio)
2019-01-21 16:16:55.735  INFO 9288 --- [restartedMain] com.example.ItembayPortfolioApplication  : No active profile set, falling back to default profiles: default
2019-01-21 16:16:57.235  INFO 9288 --- [restartedMain] o.apache.catalina.core.StandardService   : Starting service [Tomcat]
2019-01-21 16:16:57.247  INFO 9288 --- [restartedMain] org.apache.catalina.core.StandardEngine  : Starting Servlet engine: [Apache Tomcat/9.0.14]
2019-01-21 16:16:57.250  INFO 9288 --- [restartedMain] o.a.catalina.core.AprLifecycleListener   : The APR based Apache Tomcat Native library which allows optimal performance in production environments was not found on the java.library.path: [C:\Program Files\Java\jre1.8.0_121\bin;C:\WINDOWS\Sun\Java\bin;C:\WINDOWS\system32;C:\WINDOWS;C:/Program Files/Java/jre1.8.0_121/bin/server;C:/Program Files/Java/jre1.8.0_121/bin;C:/Program Files/Java/jre1.8.0_121/lib/amd64;D:\app\jhkim\product\11.2.0\dbhome_1\bin;D:\app\jhkim\product\11.2.0\client_2;D:\app\jhkim\product\11.2.0\client_1;C:\Python35\Lib\site-packages\PyQt5;C:\ProgramData\Oracle\Java\javapath;C:\Program Files (x86)\Common Files\NetSarang;C:\Windows\system32;C:\Windows;C:\Windows\System32\Wbem;C:\Windows\System32\WindowsPowerShell\v1.0\;C:\Program Files (x86)\NVIDIA Corporation\PhysX\Common;C:\Program Files\Intel\WiFi\bin\;C:\Program Files\Common Files\Intel\WirelessCommon\;C:\Program Files\Java\jdk1.8.0_121\bin;C:\Program Files (x86)\Windows Kits\8.1\Windows Performance Toolkit\;C:\Program Files\MySQL\MySQL Utilities 1.6\;C:\WINDOWS\system32;C:\WINDOWS;C:\WINDOWS\System32\Wbem;C:\WINDOWS\System32\WindowsPowerShell\v1.0\;C:\Python35;;C:\WINDOWS\System32\OpenSSH\;C:\Users\jhkim\AppData\Local\Programs\Python\Python35\Scripts\;C:\Users\jhkim\AppData\Local\Programs\Python\Python35\;C:\Users\jhkim\AppData\Local\Microsoft\WindowsApps;C:\Program Files\Intel\WiFi\bin\;C:\Program Files\Common Files\Intel\WirelessCommon\;C:\Program Files (x86)\IDM Computer Solutions\UltraEdit\;;C:\spring-tool-suite-4-4.0.2.RELEASE-e4.9.0-win32.win32.x86_64\sts-4.0.2.RELEASE;;.]
2019-01-21 16:16:57.343  INFO 9288 --- [restartedMain] o.a.c.c.C.[Tomcat].[localhost].[/]       : Initializing Spring embedded WebApplicationContext
2019-01-21 16:16:57.912  WARN 9288 --- [restartedMain] org.thymeleaf.templatemode.TemplateMode  : [THYMELEAF][restartedMain] Template Mode 'LEGACYHTML5' is deprecated. Using Template Mode 'HTML' instead.
2019-01-21 16:16:58.552  INFO 9288 --- [restartedMain] com.example.ItembayPortfolioApplication  : Started ItembayPortfolioApplication in 3.177 seconds (JVM running for 4.051)
2019-01-21 16:17:16.021  INFO 12880 --- [restartedMain] com.example.ItembayPortfolioApplication  : Starting ItembayPortfolioApplication on DESKTOP-BAE5ROJ with PID 12880 (D:\git\itembayPortfolio\itembayPortfolio\bin\main started by jhkim in D:\git\itembayPortfolio\itembayPortfolio)
2019-01-21 16:17:16.021  INFO 12880 --- [restartedMain] com.example.ItembayPortfolioApplication  : No active profile set, falling back to default profiles: default
2019-01-21 16:17:17.654  INFO 12880 --- [restartedMain] o.apache.catalina.core.StandardService   : Starting service [Tomcat]
2019-01-21 16:17:17.654  INFO 12880 --- [restartedMain] org.apache.catalina.core.StandardEngine  : Starting Servlet engine: [Apache Tomcat/9.0.14]
2019-01-21 16:17:17.662  INFO 12880 --- [restartedMain] o.a.catalina.core.AprLifecycleListener   : The APR based Apache Tomcat Native library which allows optimal performance in production environments was not found on the java.library.path: [C:\Program Files\Java\jre1.8.0_121\bin;C:\WINDOWS\Sun\Java\bin;C:\WINDOWS\system32;C:\WINDOWS;C:/Program Files/Java/jre1.8.0_121/bin/server;C:/Program Files/Java/jre1.8.0_121/bin;C:/Program Files/Java/jre1.8.0_121/lib/amd64;D:\app\jhkim\product\11.2.0\dbhome_1\bin;D:\app\jhkim\product\11.2.0\client_2;D:\app\jhkim\product\11.2.0\client_1;C:\Python35\Lib\site-packages\PyQt5;C:\ProgramData\Oracle\Java\javapath;C:\Program Files (x86)\Common Files\NetSarang;C:\Windows\system32;C:\Windows;C:\Windows\System32\Wbem;C:\Windows\System32\WindowsPowerShell\v1.0\;C:\Program Files (x86)\NVIDIA Corporation\PhysX\Common;C:\Program Files\Intel\WiFi\bin\;C:\Program Files\Common Files\Intel\WirelessCommon\;C:\Program Files\Java\jdk1.8.0_121\bin;C:\Program Files (x86)\Windows Kits\8.1\Windows Performance Toolkit\;C:\Program Files\MySQL\MySQL Utilities 1.6\;C:\WINDOWS\system32;C:\WINDOWS;C:\WINDOWS\System32\Wbem;C:\WINDOWS\System32\WindowsPowerShell\v1.0\;C:\Python35;;C:\WINDOWS\System32\OpenSSH\;C:\Users\jhkim\AppData\Local\Programs\Python\Python35\Scripts\;C:\Users\jhkim\AppData\Local\Programs\Python\Python35\;C:\Users\jhkim\AppData\Local\Microsoft\WindowsApps;C:\Program Files\Intel\WiFi\bin\;C:\Program Files\Common Files\Intel\WirelessCommon\;C:\Program Files (x86)\IDM Computer Solutions\UltraEdit\;;C:\spring-tool-suite-4-4.0.2.RELEASE-e4.9.0-win32.win32.x86_64\sts-4.0.2.RELEASE;;.]
2019-01-21 16:17:17.765  INFO 12880 --- [restartedMain] o.a.c.c.C.[Tomcat].[localhost].[/]       : Initializing Spring embedded WebApplicationContext
2019-01-21 16:17:18.499  WARN 12880 --- [restartedMain] org.thymeleaf.templatemode.TemplateMode  : [THYMELEAF][restartedMain] Template Mode 'LEGACYHTML5' is deprecated. Using Template Mode 'HTML' instead.
2019-01-21 16:17:19.158  INFO 12880 --- [restartedMain] com.example.ItembayPortfolioApplication  : Started ItembayPortfolioApplication in 3.481 seconds (JVM running for 4.338)
2019-01-21 16:17:19.325  INFO 12880 --- [http-nio-80-exec-1] o.a.c.c.C.[Tomcat].[localhost].[/]       : Initializing Spring DispatcherServlet 'dispatcherServlet'
2019-01-21 16:17:19.420  INFO 12880 --- [http-nio-80-exec-1] com.zaxxer.hikari.HikariDataSource       : HikariPool-1 - Starting...
2019-01-21 16:17:19.561  INFO 12880 --- [http-nio-80-exec-1] com.zaxxer.hikari.HikariDataSource       : HikariPool-1 - Start completed.
2019-01-21 16:17:19.871  WARN 12880 --- [http-nio-80-exec-1] n.n.u.t.decorators.DecoratorProcessor    : The layout:decorator/data-layout-decorator processor has been deprecated and will be removed in the next major version of the layout dialect.  Please use layout:decorate/data-layout-decorate instead to future-proof your code.  See https://github.com/ultraq/thymeleaf-layout-dialect/issues/95 for more information.
2019-01-21 16:17:19.990  WARN 12880 --- [http-nio-80-exec-1] n.n.u.t.expressions.ExpressionProcessor  : Fragment expression "/layout/default" is being wrapped as a Thymeleaf 3 fragment expression (~{...}) for backwards compatibility purposes.  This wrapping will be dropped in the next major version of the expression processor, so please rewrite as a Thymeleaf 3 fragment expression to future-proof your code.  See https://github.com/thymeleaf/thymeleaf/issues/451 for more information.
2019-01-21 16:17:20.289  WARN 12880 --- [http-nio-80-exec-1] n.n.u.t.fragments.FragmentProcessor      : You don't need to put the layout:fragment/data-layout-fragment attribute into the <head> section - the decoration process will automatically copy the <head> section of your content templates into your layout page.
2019-01-21 16:20:36.550  INFO 12880 --- [Thread-7] com.zaxxer.hikari.HikariDataSource       : HikariPool-1 - Shutdown initiated...
2019-01-21 16:20:36.560  INFO 12880 --- [Thread-7] com.zaxxer.hikari.HikariDataSource       : HikariPool-1 - Shutdown completed.
